

Microchip MPLAB XC8 Assembler V2.45 build 20230818022343 
                                                                                               Fri Dec 22 11:28:18 2023

Microchip MPLAB XC8 C Compiler v2.45 (Free license) build 20230818022343 Og1 
     1                           	processor	18F4550
     2                           	fnconf	rparam,??,?,0
     3                           	pagewidth 120
     4                           	opt	flic
     5                           	psect	cinit,global,reloc=2,class=CODE,delta=1
     6                           	psect	cstackCOMRAM,global,class=COMRAM,space=1,delta=1,lowdata,noexec
     7                           	psect	text0,global,reloc=2,class=CODE,delta=1
     8                           	psect	smallconst,global,reloc=2,class=SMALLCONST,delta=1,noexec
     9                           	psect	intsave_regs,global,class=BIGRAM,space=1,delta=1,noexec
    10                           	psect	rparam,global,class=COMRAM,space=1,delta=1,noexec
    11                           	psect	config,global,abs,ovrld,class=CONFIG,space=4,delta=1,noexec
    12   000000                     
    13                           ; Generated 23/03/2023 GMT
    14                           ; 
    15                           ; Copyright © 2023, Microchip Technology Inc. and its subsidiaries ("Microchip")
    16                           ; All rights reserved.
    17                           ; 
    18                           ; This software is developed by Microchip Technology Inc. and its subsidiaries ("Microch
      +                          ip").
    19                           ; 
    20                           ; Redistribution and use in source and binary forms, with or without modification, are
    21                           ; permitted provided that the following conditions are met:
    22                           ; 
    23                           ;     1. Redistributions of source code must retain the above copyright notice, this lis
      +                          t of
    24                           ;        conditions and the following disclaimer.
    25                           ; 
    26                           ;     2. Redistributions in binary form must reproduce the above copyright notice, this 
      +                          list
    27                           ;        of conditions and the following disclaimer in the documentation and/or other
    28                           ;        materials provided with the distribution. Publication is not required when
    29                           ;        this file is used in an embedded application.
    30                           ; 
    31                           ;     3. Microchip's name may not be used to endorse or promote products derived from th
      +                          is
    32                           ;        software without specific prior written permission.
    33                           ; 
    34                           ; THIS SOFTWARE IS PROVIDED BY MICROCHIP "AS IS" AND ANY EXPRESS OR IMPLIED WARRANTIES,
    35                           ; INCLUDING, BUT NOT LIMITED TO, THE IMPLIED WARRANTIES OF MERCHANTABILITY AND FITNESS F
      +                          OR
    36                           ; PURPOSE ARE DISCLAIMED.  IN NO EVENT SHALL MICROCHIP BE LIABLE FOR ANY DIRECT, INDIREC
      +                          T,
    37                           ; INCIDENTAL, SPECIAL, EXEMPLARY, OR CONSEQUENTIAL DAMAGES (INCLUDING BUT NOT LIMITED TO
    38                           ; PROCUREMENT OF SUBSTITUTE GOODS OR SERVICES; LOSS OF USE, DATA OR PROFITS; OR BUSINESS
    39                           ; INTERRUPTION) HOWSOEVER CAUSED AND ON ANY THEORY OF LIABILITY, WHETHER IN CONTRACT, ST
      +                          RICT
    40                           ; LIABILITY, OR TORT (INCLUDING NEGLIGENCE OR OTHERWISE) ARISING IN ANY WAY OUT OF THE U
      +                          SE OF
    41                           ; THIS SOFTWARE, EVEN IF ADVISED OF THE POSSIBILITY OF SUCH DAMAGE.
    42                           ; 
    43                           ; 
    44                           ; Code-generator required, PIC18F4550 Definitions
    45                           ; 
    46                           ; SFR Addresses
    47   000000                     _PORTDbits	set	3971
    48   000000                     _LATB	set	3978
    49   000000                     _TRISB	set	3987
    50   000000                     _TRISDbits	set	3989
    51   000000                     _ADCON1bits	set	4033
    52                           
    53                           ; #config settings
    54                           
    55                           	psect	cinit
    56   000D20                     __pcinit:
    57                           	callstack 0
    58   000D20                     start_initialization:
    59                           	callstack 0
    60   000D20                     __initialization:
    61                           	callstack 0
    62   000D20                     end_of_initialization:
    63                           	callstack 0
    64   000D20                     __end_of__initialization:
    65                           	callstack 0
    66   000D20  0100               	movlb	0
    67   000D22  EF01  F004         	goto	_main	;jump to C main() function
    68                           
    69                           	psect	cstackCOMRAM
    70   000001                     __pcstackCOMRAM:
    71                           	callstack 0
    72   000001                     ??_main:
    73                           
    74                           ; 1 bytes @ 0x0
    75   000001                     	ds	2
    76   000003                     main@i:
    77                           	callstack 0
    78                           
    79                           ; 1 bytes @ 0x2
    80   000003                     	ds	1
    81   000004                     main@i_178:
    82                           	callstack 0
    83                           
    84                           ; 1 bytes @ 0x3
    85   000004                     	ds	1
    86   000005                     main@i_179:
    87                           	callstack 0
    88                           
    89                           ; 1 bytes @ 0x4
    90   000005                     	ds	1
    91   000006                     main@i_180:
    92                           	callstack 0
    93                           
    94                           ; 1 bytes @ 0x5
    95   000006                     	ds	1
    96                           
    97 ;;
    98 ;;Main: autosize = 0, tempsize = 2, incstack = 0, save=0
    99 ;;
   100 ;; *************** function _main *****************
   101 ;; Defined at:
   102 ;;		line 12 in file "main.c"
   103 ;; Parameters:    Size  Location     Type
   104 ;;		None
   105 ;; Auto vars:     Size  Location     Type
   106 ;;  i               1    5[COMRAM] unsigned char 
   107 ;;  i               1    4[COMRAM] unsigned char 
   108 ;;  i               1    3[COMRAM] unsigned char 
   109 ;;  i               1    2[COMRAM] unsigned char 
   110 ;; Return value:  Size  Location     Type
   111 ;;                  1    wreg      void 
   112 ;; Registers used:
   113 ;;		wreg, status,2, status,0
   114 ;; Tracked objects:
   115 ;;		On entry : 0/0
   116 ;;		On exit  : 0/0
   117 ;;		Unchanged: 0/0
   118 ;; Data sizes:     COMRAM   BANK0   BANK1   BANK2   BANK3   BANK4   BANK5   BANK6   BANK7
   119 ;;      Params:         0       0       0       0       0       0       0       0       0
   120 ;;      Locals:         4       0       0       0       0       0       0       0       0
   121 ;;      Temps:          2       0       0       0       0       0       0       0       0
   122 ;;      Totals:         6       0       0       0       0       0       0       0       0
   123 ;;Total ram usage:        6 bytes
   124 ;; This function calls:
   125 ;;		Nothing
   126 ;; This function is called by:
   127 ;;		Startup code after reset
   128 ;; This function uses a non-reentrant model
   129 ;;
   130                           
   131                           	psect	text0
   132   000802                     __ptext0:
   133                           	callstack 0
   134   000802                     _main:
   135                           	callstack 31
   136   000802                     
   137                           ;main.c: 13:     ADCON1bits.PCFG = 0x0F;
   138   000802  0E0F               	movlw	15
   139   000804  12C1               	iorwf	193,f,c	;volatile
   140   000806                     
   141                           ;main.c: 15:     TRISDbits.RD0 = 1;
   142   000806  8095               	bsf	149,0,c	;volatile
   143   000808                     
   144                           ;main.c: 16:     TRISDbits.RD1 = 1;
   145   000808  8295               	bsf	149,1,c	;volatile
   146   00080A                     
   147                           ;main.c: 17:     TRISDbits.RD2 = 1;
   148   00080A  8495               	bsf	149,2,c	;volatile
   149   00080C                     
   150                           ;main.c: 18:     TRISDbits.RD3 = 1;
   151   00080C  8695               	bsf	149,3,c	;volatile
   152                           
   153                           ;main.c: 19:     TRISB = 0;
   154   00080E  0E00               	movlw	0
   155   000810  6E93               	movwf	147,c	;volatile
   156                           
   157                           ;main.c: 20:     LATB = 0;
   158   000812  0E00               	movlw	0
   159   000814  6E8A               	movwf	138,c	;volatile
   160   000816                     l722:
   161                           
   162                           ;main.c: 24:         if(PORTDbits.RD0 == 1){
   163   000816  A083               	btfss	131,0,c	;volatile
   164   000818  EF10  F004         	goto	u11
   165   00081C  EF12  F004         	goto	u10
   166   000820                     u11:
   167   000820  EF8F  F004         	goto	l18
   168   000824                     u10:
   169   000824                     
   170                           ;main.c: 25:             for(char i=0; i<4; i++){
   171   000824  0E00               	movlw	0
   172   000826  6E03               	movwf	main@i^0,c
   173   000828                     l730:
   174                           
   175                           ;main.c: 26:                 LATB = 0b00000001;
   176   000828  0E01               	movlw	1
   177   00082A  6E8A               	movwf	138,c	;volatile
   178   00082C                     
   179                           ;main.c: 27:                 _delay((unsigned long)((100)*(8000000UL/4000.0)));
   180   00082C  0E02               	movlw	2
   181   00082E  6E02               	movwf	(??_main+1)^0,c
   182   000830  0E04               	movlw	4
   183   000832  6E01               	movwf	??_main^0,c
   184   000834  0EBA               	movlw	186
   185   000836                     u97:
   186   000836  2EE8               	decfsz	wreg,f,c
   187   000838  D7FE               	bra	u97
   188   00083A  2E01               	decfsz	??_main^0,f,c
   189   00083C  D7FC               	bra	u97
   190   00083E  2E02               	decfsz	(??_main+1)^0,f,c
   191   000840  D7FA               	bra	u97
   192   000842  D000               	nop2	
   193   000844                     
   194                           ;main.c: 28:                 LATB = 0b00000010;
   195   000844  0E02               	movlw	2
   196   000846  6E8A               	movwf	138,c	;volatile
   197                           
   198                           ;main.c: 29:                 _delay((unsigned long)((100)*(8000000UL/4000.0)));
   199   000848  0E02               	movlw	2
   200   00084A  6E02               	movwf	(??_main+1)^0,c
   201   00084C  0E04               	movlw	4
   202   00084E  6E01               	movwf	??_main^0,c
   203   000850  0EBA               	movlw	186
   204   000852                     u107:
   205   000852  2EE8               	decfsz	wreg,f,c
   206   000854  D7FE               	bra	u107
   207   000856  2E01               	decfsz	??_main^0,f,c
   208   000858  D7FC               	bra	u107
   209   00085A  2E02               	decfsz	(??_main+1)^0,f,c
   210   00085C  D7FA               	bra	u107
   211   00085E  D000               	nop2	
   212   000860                     
   213                           ;main.c: 30:                 LATB = 0b00000100;
   214   000860  0E04               	movlw	4
   215   000862  6E8A               	movwf	138,c	;volatile
   216   000864                     
   217                           ;main.c: 31:                 _delay((unsigned long)((100)*(8000000UL/4000.0)));
   218   000864  0E02               	movlw	2
   219   000866  6E02               	movwf	(??_main+1)^0,c
   220   000868  0E04               	movlw	4
   221   00086A  6E01               	movwf	??_main^0,c
   222   00086C  0EBA               	movlw	186
   223   00086E                     u117:
   224   00086E  2EE8               	decfsz	wreg,f,c
   225   000870  D7FE               	bra	u117
   226   000872  2E01               	decfsz	??_main^0,f,c
   227   000874  D7FC               	bra	u117
   228   000876  2E02               	decfsz	(??_main+1)^0,f,c
   229   000878  D7FA               	bra	u117
   230   00087A  D000               	nop2	
   231                           
   232                           ;main.c: 32:                 LATB = 0b00001000;
   233   00087C  0E08               	movlw	8
   234   00087E  6E8A               	movwf	138,c	;volatile
   235   000880                     
   236                           ;main.c: 33:                 _delay((unsigned long)((100)*(8000000UL/4000.0)));
   237   000880  0E02               	movlw	2
   238   000882  6E02               	movwf	(??_main+1)^0,c
   239   000884  0E04               	movlw	4
   240   000886  6E01               	movwf	??_main^0,c
   241   000888  0EBA               	movlw	186
   242   00088A                     u127:
   243   00088A  2EE8               	decfsz	wreg,f,c
   244   00088C  D7FE               	bra	u127
   245   00088E  2E01               	decfsz	??_main^0,f,c
   246   000890  D7FC               	bra	u127
   247   000892  2E02               	decfsz	(??_main+1)^0,f,c
   248   000894  D7FA               	bra	u127
   249   000896  D000               	nop2	
   250   000898                     
   251                           ;main.c: 34:                 LATB = 0b00010000;
   252   000898  0E10               	movlw	16
   253   00089A  6E8A               	movwf	138,c	;volatile
   254                           
   255                           ;main.c: 35:                 _delay((unsigned long)((100)*(8000000UL/4000.0)));
   256   00089C  0E02               	movlw	2
   257   00089E  6E02               	movwf	(??_main+1)^0,c
   258   0008A0  0E04               	movlw	4
   259   0008A2  6E01               	movwf	??_main^0,c
   260   0008A4  0EBA               	movlw	186
   261   0008A6                     u137:
   262   0008A6  2EE8               	decfsz	wreg,f,c
   263   0008A8  D7FE               	bra	u137
   264   0008AA  2E01               	decfsz	??_main^0,f,c
   265   0008AC  D7FC               	bra	u137
   266   0008AE  2E02               	decfsz	(??_main+1)^0,f,c
   267   0008B0  D7FA               	bra	u137
   268   0008B2  D000               	nop2	
   269   0008B4                     
   270                           ;main.c: 36:                 LATB = 0b00100000;
   271   0008B4  0E20               	movlw	32
   272   0008B6  6E8A               	movwf	138,c	;volatile
   273   0008B8                     
   274                           ;main.c: 37:                 _delay((unsigned long)((100)*(8000000UL/4000.0)));
   275   0008B8  0E02               	movlw	2
   276   0008BA  6E02               	movwf	(??_main+1)^0,c
   277   0008BC  0E04               	movlw	4
   278   0008BE  6E01               	movwf	??_main^0,c
   279   0008C0  0EBA               	movlw	186
   280   0008C2                     u147:
   281   0008C2  2EE8               	decfsz	wreg,f,c
   282   0008C4  D7FE               	bra	u147
   283   0008C6  2E01               	decfsz	??_main^0,f,c
   284   0008C8  D7FC               	bra	u147
   285   0008CA  2E02               	decfsz	(??_main+1)^0,f,c
   286   0008CC  D7FA               	bra	u147
   287   0008CE  D000               	nop2	
   288                           
   289                           ;main.c: 38:                 LATB = 0b01000000;
   290   0008D0  0E40               	movlw	64
   291   0008D2  6E8A               	movwf	138,c	;volatile
   292   0008D4                     
   293                           ;main.c: 39:                 _delay((unsigned long)((100)*(8000000UL/4000.0)));
   294   0008D4  0E02               	movlw	2
   295   0008D6  6E02               	movwf	(??_main+1)^0,c
   296   0008D8  0E04               	movlw	4
   297   0008DA  6E01               	movwf	??_main^0,c
   298   0008DC  0EBA               	movlw	186
   299   0008DE                     u157:
   300   0008DE  2EE8               	decfsz	wreg,f,c
   301   0008E0  D7FE               	bra	u157
   302   0008E2  2E01               	decfsz	??_main^0,f,c
   303   0008E4  D7FC               	bra	u157
   304   0008E6  2E02               	decfsz	(??_main+1)^0,f,c
   305   0008E8  D7FA               	bra	u157
   306   0008EA  D000               	nop2	
   307   0008EC                     
   308                           ;main.c: 40:                 LATB = 0b10000000;
   309   0008EC  0E80               	movlw	128
   310   0008EE  6E8A               	movwf	138,c	;volatile
   311                           
   312                           ;main.c: 41:                 _delay((unsigned long)((100)*(8000000UL/4000.0)));
   313   0008F0  0E02               	movlw	2
   314   0008F2  6E02               	movwf	(??_main+1)^0,c
   315   0008F4  0E04               	movlw	4
   316   0008F6  6E01               	movwf	??_main^0,c
   317   0008F8  0EBA               	movlw	186
   318   0008FA                     u167:
   319   0008FA  2EE8               	decfsz	wreg,f,c
   320   0008FC  D7FE               	bra	u167
   321   0008FE  2E01               	decfsz	??_main^0,f,c
   322   000900  D7FC               	bra	u167
   323   000902  2E02               	decfsz	(??_main+1)^0,f,c
   324   000904  D7FA               	bra	u167
   325   000906  D000               	nop2	
   326   000908                     
   327                           ;main.c: 42:             }
   328   000908  2A03               	incf	main@i^0,f,c
   329   00090A  0E03               	movlw	3
   330   00090C  6403               	cpfsgt	main@i^0,c
   331   00090E  EF8B  F004         	goto	u21
   332   000912  EF8D  F004         	goto	u20
   333   000916                     u21:
   334   000916  EF14  F004         	goto	l730
   335   00091A                     u20:
   336   00091A  EF0B  F004         	goto	l722
   337   00091E                     l18:
   338   00091E  A283               	btfss	131,1,c	;volatile
   339   000920  EF94  F004         	goto	u31
   340   000924  EF96  F004         	goto	u30
   341   000928                     u31:
   342   000928  EF13  F005         	goto	l22
   343   00092C                     u30:
   344   00092C                     
   345                           ;main.c: 45:             for(char i=0; i<4; i++){
   346   00092C  0E00               	movlw	0
   347   00092E  6E04               	movwf	main@i_178^0,c
   348   000930                     l760:
   349                           
   350                           ;main.c: 46:                 LATB = 0b10000000;
   351   000930  0E80               	movlw	128
   352   000932  6E8A               	movwf	138,c	;volatile
   353   000934                     
   354                           ;main.c: 47:                 _delay((unsigned long)((100)*(8000000UL/4000.0)));
   355   000934  0E02               	movlw	2
   356   000936  6E02               	movwf	(??_main+1)^0,c
   357   000938  0E04               	movlw	4
   358   00093A  6E01               	movwf	??_main^0,c
   359   00093C  0EBA               	movlw	186
   360   00093E                     u177:
   361   00093E  2EE8               	decfsz	wreg,f,c
   362   000940  D7FE               	bra	u177
   363   000942  2E01               	decfsz	??_main^0,f,c
   364   000944  D7FC               	bra	u177
   365   000946  2E02               	decfsz	(??_main+1)^0,f,c
   366   000948  D7FA               	bra	u177
   367   00094A  D000               	nop2	
   368   00094C                     
   369                           ;main.c: 48:                 LATB = 0b01000000;
   370   00094C  0E40               	movlw	64
   371   00094E  6E8A               	movwf	138,c	;volatile
   372                           
   373                           ;main.c: 49:                 _delay((unsigned long)((100)*(8000000UL/4000.0)));
   374   000950  0E02               	movlw	2
   375   000952  6E02               	movwf	(??_main+1)^0,c
   376   000954  0E04               	movlw	4
   377   000956  6E01               	movwf	??_main^0,c
   378   000958  0EBA               	movlw	186
   379   00095A                     u187:
   380   00095A  2EE8               	decfsz	wreg,f,c
   381   00095C  D7FE               	bra	u187
   382   00095E  2E01               	decfsz	??_main^0,f,c
   383   000960  D7FC               	bra	u187
   384   000962  2E02               	decfsz	(??_main+1)^0,f,c
   385   000964  D7FA               	bra	u187
   386   000966  D000               	nop2	
   387   000968                     
   388                           ;main.c: 50:                 LATB = 0b00100000;
   389   000968  0E20               	movlw	32
   390   00096A  6E8A               	movwf	138,c	;volatile
   391   00096C                     
   392                           ;main.c: 51:                 _delay((unsigned long)((100)*(8000000UL/4000.0)));
   393   00096C  0E02               	movlw	2
   394   00096E  6E02               	movwf	(??_main+1)^0,c
   395   000970  0E04               	movlw	4
   396   000972  6E01               	movwf	??_main^0,c
   397   000974  0EBA               	movlw	186
   398   000976                     u197:
   399   000976  2EE8               	decfsz	wreg,f,c
   400   000978  D7FE               	bra	u197
   401   00097A  2E01               	decfsz	??_main^0,f,c
   402   00097C  D7FC               	bra	u197
   403   00097E  2E02               	decfsz	(??_main+1)^0,f,c
   404   000980  D7FA               	bra	u197
   405   000982  D000               	nop2	
   406                           
   407                           ;main.c: 52:                 LATB = 0b00010000;
   408   000984  0E10               	movlw	16
   409   000986  6E8A               	movwf	138,c	;volatile
   410   000988                     
   411                           ;main.c: 53:                 _delay((unsigned long)((100)*(8000000UL/4000.0)));
   412   000988  0E02               	movlw	2
   413   00098A  6E02               	movwf	(??_main+1)^0,c
   414   00098C  0E04               	movlw	4
   415   00098E  6E01               	movwf	??_main^0,c
   416   000990  0EBA               	movlw	186
   417   000992                     u207:
   418   000992  2EE8               	decfsz	wreg,f,c
   419   000994  D7FE               	bra	u207
   420   000996  2E01               	decfsz	??_main^0,f,c
   421   000998  D7FC               	bra	u207
   422   00099A  2E02               	decfsz	(??_main+1)^0,f,c
   423   00099C  D7FA               	bra	u207
   424   00099E  D000               	nop2	
   425   0009A0                     
   426                           ;main.c: 54:                 LATB = 0b00001000;
   427   0009A0  0E08               	movlw	8
   428   0009A2  6E8A               	movwf	138,c	;volatile
   429                           
   430                           ;main.c: 55:                 _delay((unsigned long)((100)*(8000000UL/4000.0)));
   431   0009A4  0E02               	movlw	2
   432   0009A6  6E02               	movwf	(??_main+1)^0,c
   433   0009A8  0E04               	movlw	4
   434   0009AA  6E01               	movwf	??_main^0,c
   435   0009AC  0EBA               	movlw	186
   436   0009AE                     u217:
   437   0009AE  2EE8               	decfsz	wreg,f,c
   438   0009B0  D7FE               	bra	u217
   439   0009B2  2E01               	decfsz	??_main^0,f,c
   440   0009B4  D7FC               	bra	u217
   441   0009B6  2E02               	decfsz	(??_main+1)^0,f,c
   442   0009B8  D7FA               	bra	u217
   443   0009BA  D000               	nop2	
   444   0009BC                     
   445                           ;main.c: 56:                 LATB = 0b00000100;
   446   0009BC  0E04               	movlw	4
   447   0009BE  6E8A               	movwf	138,c	;volatile
   448   0009C0                     
   449                           ;main.c: 57:                 _delay((unsigned long)((100)*(8000000UL/4000.0)));
   450   0009C0  0E02               	movlw	2
   451   0009C2  6E02               	movwf	(??_main+1)^0,c
   452   0009C4  0E04               	movlw	4
   453   0009C6  6E01               	movwf	??_main^0,c
   454   0009C8  0EBA               	movlw	186
   455   0009CA                     u227:
   456   0009CA  2EE8               	decfsz	wreg,f,c
   457   0009CC  D7FE               	bra	u227
   458   0009CE  2E01               	decfsz	??_main^0,f,c
   459   0009D0  D7FC               	bra	u227
   460   0009D2  2E02               	decfsz	(??_main+1)^0,f,c
   461   0009D4  D7FA               	bra	u227
   462   0009D6  D000               	nop2	
   463                           
   464                           ;main.c: 58:                 LATB = 0b00000010;
   465   0009D8  0E02               	movlw	2
   466   0009DA  6E8A               	movwf	138,c	;volatile
   467   0009DC                     
   468                           ;main.c: 59:                 _delay((unsigned long)((100)*(8000000UL/4000.0)));
   469   0009DC  0E02               	movlw	2
   470   0009DE  6E02               	movwf	(??_main+1)^0,c
   471   0009E0  0E04               	movlw	4
   472   0009E2  6E01               	movwf	??_main^0,c
   473   0009E4  0EBA               	movlw	186
   474   0009E6                     u237:
   475   0009E6  2EE8               	decfsz	wreg,f,c
   476   0009E8  D7FE               	bra	u237
   477   0009EA  2E01               	decfsz	??_main^0,f,c
   478   0009EC  D7FC               	bra	u237
   479   0009EE  2E02               	decfsz	(??_main+1)^0,f,c
   480   0009F0  D7FA               	bra	u237
   481   0009F2  D000               	nop2	
   482   0009F4                     
   483                           ;main.c: 60:                 LATB = 0b00000001;
   484   0009F4  0E01               	movlw	1
   485   0009F6  6E8A               	movwf	138,c	;volatile
   486                           
   487                           ;main.c: 61:                 _delay((unsigned long)((100)*(8000000UL/4000.0)));
   488   0009F8  0E02               	movlw	2
   489   0009FA  6E02               	movwf	(??_main+1)^0,c
   490   0009FC  0E04               	movlw	4
   491   0009FE  6E01               	movwf	??_main^0,c
   492   000A00  0EBA               	movlw	186
   493   000A02                     u247:
   494   000A02  2EE8               	decfsz	wreg,f,c
   495   000A04  D7FE               	bra	u247
   496   000A06  2E01               	decfsz	??_main^0,f,c
   497   000A08  D7FC               	bra	u247
   498   000A0A  2E02               	decfsz	(??_main+1)^0,f,c
   499   000A0C  D7FA               	bra	u247
   500   000A0E  D000               	nop2	
   501   000A10                     
   502                           ;main.c: 62:             }
   503   000A10  2A04               	incf	main@i_178^0,f,c
   504   000A12  0E03               	movlw	3
   505   000A14  6404               	cpfsgt	main@i_178^0,c
   506   000A16  EF0F  F005         	goto	u41
   507   000A1A  EF11  F005         	goto	u40
   508   000A1E                     u41:
   509   000A1E  EF98  F004         	goto	l760
   510   000A22                     u40:
   511   000A22  EF0B  F004         	goto	l722
   512   000A26                     l22:
   513   000A26  A483               	btfss	131,2,c	;volatile
   514   000A28  EF18  F005         	goto	u51
   515   000A2C  EF1A  F005         	goto	u50
   516   000A30                     u51:
   517   000A30  EF89  F005         	goto	l26
   518   000A34                     u50:
   519   000A34                     
   520                           ;main.c: 65:             for(char i=0; i<4; i++){
   521   000A34  0E00               	movlw	0
   522   000A36  6E05               	movwf	main@i_179^0,c
   523   000A38                     l790:
   524                           
   525                           ;main.c: 66:                 LATB = 0b10000001;
   526   000A38  0E81               	movlw	129
   527   000A3A  6E8A               	movwf	138,c	;volatile
   528   000A3C                     
   529                           ;main.c: 67:                 _delay((unsigned long)((100)*(8000000UL/4000.0)));
   530   000A3C  0E02               	movlw	2
   531   000A3E  6E02               	movwf	(??_main+1)^0,c
   532   000A40  0E04               	movlw	4
   533   000A42  6E01               	movwf	??_main^0,c
   534   000A44  0EBA               	movlw	186
   535   000A46                     u257:
   536   000A46  2EE8               	decfsz	wreg,f,c
   537   000A48  D7FE               	bra	u257
   538   000A4A  2E01               	decfsz	??_main^0,f,c
   539   000A4C  D7FC               	bra	u257
   540   000A4E  2E02               	decfsz	(??_main+1)^0,f,c
   541   000A50  D7FA               	bra	u257
   542   000A52  D000               	nop2	
   543   000A54                     
   544                           ;main.c: 68:                 LATB = 0b01000010;
   545   000A54  0E42               	movlw	66
   546   000A56  6E8A               	movwf	138,c	;volatile
   547                           
   548                           ;main.c: 69:                 _delay((unsigned long)((100)*(8000000UL/4000.0)));
   549   000A58  0E02               	movlw	2
   550   000A5A  6E02               	movwf	(??_main+1)^0,c
   551   000A5C  0E04               	movlw	4
   552   000A5E  6E01               	movwf	??_main^0,c
   553   000A60  0EBA               	movlw	186
   554   000A62                     u267:
   555   000A62  2EE8               	decfsz	wreg,f,c
   556   000A64  D7FE               	bra	u267
   557   000A66  2E01               	decfsz	??_main^0,f,c
   558   000A68  D7FC               	bra	u267
   559   000A6A  2E02               	decfsz	(??_main+1)^0,f,c
   560   000A6C  D7FA               	bra	u267
   561   000A6E  D000               	nop2	
   562   000A70                     
   563                           ;main.c: 70:                 LATB = 0b00100100;
   564   000A70  0E24               	movlw	36
   565   000A72  6E8A               	movwf	138,c	;volatile
   566   000A74                     
   567                           ;main.c: 71:                 _delay((unsigned long)((100)*(8000000UL/4000.0)));
   568   000A74  0E02               	movlw	2
   569   000A76  6E02               	movwf	(??_main+1)^0,c
   570   000A78  0E04               	movlw	4
   571   000A7A  6E01               	movwf	??_main^0,c
   572   000A7C  0EBA               	movlw	186
   573   000A7E                     u277:
   574   000A7E  2EE8               	decfsz	wreg,f,c
   575   000A80  D7FE               	bra	u277
   576   000A82  2E01               	decfsz	??_main^0,f,c
   577   000A84  D7FC               	bra	u277
   578   000A86  2E02               	decfsz	(??_main+1)^0,f,c
   579   000A88  D7FA               	bra	u277
   580   000A8A  D000               	nop2	
   581                           
   582                           ;main.c: 72:                 LATB = 0b00011000;
   583   000A8C  0E18               	movlw	24
   584   000A8E  6E8A               	movwf	138,c	;volatile
   585   000A90                     
   586                           ;main.c: 73:                 _delay((unsigned long)((100)*(8000000UL/4000.0)));
   587   000A90  0E02               	movlw	2
   588   000A92  6E02               	movwf	(??_main+1)^0,c
   589   000A94  0E04               	movlw	4
   590   000A96  6E01               	movwf	??_main^0,c
   591   000A98  0EBA               	movlw	186
   592   000A9A                     u287:
   593   000A9A  2EE8               	decfsz	wreg,f,c
   594   000A9C  D7FE               	bra	u287
   595   000A9E  2E01               	decfsz	??_main^0,f,c
   596   000AA0  D7FC               	bra	u287
   597   000AA2  2E02               	decfsz	(??_main+1)^0,f,c
   598   000AA4  D7FA               	bra	u287
   599   000AA6  D000               	nop2	
   600   000AA8                     
   601                           ;main.c: 74:                 LATB = 0b00100100;
   602   000AA8  0E24               	movlw	36
   603   000AAA  6E8A               	movwf	138,c	;volatile
   604                           
   605                           ;main.c: 75:                 _delay((unsigned long)((100)*(8000000UL/4000.0)));
   606   000AAC  0E02               	movlw	2
   607   000AAE  6E02               	movwf	(??_main+1)^0,c
   608   000AB0  0E04               	movlw	4
   609   000AB2  6E01               	movwf	??_main^0,c
   610   000AB4  0EBA               	movlw	186
   611   000AB6                     u297:
   612   000AB6  2EE8               	decfsz	wreg,f,c
   613   000AB8  D7FE               	bra	u297
   614   000ABA  2E01               	decfsz	??_main^0,f,c
   615   000ABC  D7FC               	bra	u297
   616   000ABE  2E02               	decfsz	(??_main+1)^0,f,c
   617   000AC0  D7FA               	bra	u297
   618   000AC2  D000               	nop2	
   619   000AC4                     
   620                           ;main.c: 76:                 LATB = 0b01000010;
   621   000AC4  0E42               	movlw	66
   622   000AC6  6E8A               	movwf	138,c	;volatile
   623   000AC8                     
   624                           ;main.c: 77:                 _delay((unsigned long)((100)*(8000000UL/4000.0)));
   625   000AC8  0E02               	movlw	2
   626   000ACA  6E02               	movwf	(??_main+1)^0,c
   627   000ACC  0E04               	movlw	4
   628   000ACE  6E01               	movwf	??_main^0,c
   629   000AD0  0EBA               	movlw	186
   630   000AD2                     u307:
   631   000AD2  2EE8               	decfsz	wreg,f,c
   632   000AD4  D7FE               	bra	u307
   633   000AD6  2E01               	decfsz	??_main^0,f,c
   634   000AD8  D7FC               	bra	u307
   635   000ADA  2E02               	decfsz	(??_main+1)^0,f,c
   636   000ADC  D7FA               	bra	u307
   637   000ADE  D000               	nop2	
   638                           
   639                           ;main.c: 78:                 LATB = 0b10000001;
   640   000AE0  0E81               	movlw	129
   641   000AE2  6E8A               	movwf	138,c	;volatile
   642   000AE4                     
   643                           ;main.c: 79:                 _delay((unsigned long)((100)*(8000000UL/4000.0)));
   644   000AE4  0E02               	movlw	2
   645   000AE6  6E02               	movwf	(??_main+1)^0,c
   646   000AE8  0E04               	movlw	4
   647   000AEA  6E01               	movwf	??_main^0,c
   648   000AEC  0EBA               	movlw	186
   649   000AEE                     u317:
   650   000AEE  2EE8               	decfsz	wreg,f,c
   651   000AF0  D7FE               	bra	u317
   652   000AF2  2E01               	decfsz	??_main^0,f,c
   653   000AF4  D7FC               	bra	u317
   654   000AF6  2E02               	decfsz	(??_main+1)^0,f,c
   655   000AF8  D7FA               	bra	u317
   656   000AFA  D000               	nop2	
   657   000AFC                     
   658                           ;main.c: 80:             }
   659   000AFC  2A05               	incf	main@i_179^0,f,c
   660   000AFE  0E03               	movlw	3
   661   000B00  6405               	cpfsgt	main@i_179^0,c
   662   000B02  EF85  F005         	goto	u61
   663   000B06  EF87  F005         	goto	u60
   664   000B0A                     u61:
   665   000B0A  EF1C  F005         	goto	l790
   666   000B0E                     u60:
   667   000B0E  EF0B  F004         	goto	l722
   668   000B12                     l26:
   669   000B12  A683               	btfss	131,3,c	;volatile
   670   000B14  EF8E  F005         	goto	u71
   671   000B18  EF90  F005         	goto	u70
   672   000B1C                     u71:
   673   000B1C  EF8A  F006         	goto	l870
   674   000B20                     u70:
   675   000B20                     
   676                           ;main.c: 83:             for(char i=0; i<3; i++){
   677   000B20  0E00               	movlw	0
   678   000B22  6E06               	movwf	main@i_180^0,c
   679   000B24                     l820:
   680                           
   681                           ;main.c: 84:                 LATB = 0b00000000;
   682   000B24  0E00               	movlw	0
   683   000B26  6E8A               	movwf	138,c	;volatile
   684   000B28                     
   685                           ;main.c: 85:                 _delay((unsigned long)((100)*(8000000UL/4000.0)));
   686   000B28  0E02               	movlw	2
   687   000B2A  6E02               	movwf	(??_main+1)^0,c
   688   000B2C  0E04               	movlw	4
   689   000B2E  6E01               	movwf	??_main^0,c
   690   000B30  0EBA               	movlw	186
   691   000B32                     u327:
   692   000B32  2EE8               	decfsz	wreg,f,c
   693   000B34  D7FE               	bra	u327
   694   000B36  2E01               	decfsz	??_main^0,f,c
   695   000B38  D7FC               	bra	u327
   696   000B3A  2E02               	decfsz	(??_main+1)^0,f,c
   697   000B3C  D7FA               	bra	u327
   698   000B3E  D000               	nop2	
   699   000B40                     
   700                           ;main.c: 86:                 LATB = 0b10000000;
   701   000B40  0E80               	movlw	128
   702   000B42  6E8A               	movwf	138,c	;volatile
   703                           
   704                           ;main.c: 87:                 _delay((unsigned long)((100)*(8000000UL/4000.0)));
   705   000B44  0E02               	movlw	2
   706   000B46  6E02               	movwf	(??_main+1)^0,c
   707   000B48  0E04               	movlw	4
   708   000B4A  6E01               	movwf	??_main^0,c
   709   000B4C  0EBA               	movlw	186
   710   000B4E                     u337:
   711   000B4E  2EE8               	decfsz	wreg,f,c
   712   000B50  D7FE               	bra	u337
   713   000B52  2E01               	decfsz	??_main^0,f,c
   714   000B54  D7FC               	bra	u337
   715   000B56  2E02               	decfsz	(??_main+1)^0,f,c
   716   000B58  D7FA               	bra	u337
   717   000B5A  D000               	nop2	
   718   000B5C                     
   719                           ;main.c: 88:                 LATB = 0b11000000;
   720   000B5C  0EC0               	movlw	192
   721   000B5E  6E8A               	movwf	138,c	;volatile
   722   000B60                     
   723                           ;main.c: 89:                 _delay((unsigned long)((100)*(8000000UL/4000.0)));
   724   000B60  0E02               	movlw	2
   725   000B62  6E02               	movwf	(??_main+1)^0,c
   726   000B64  0E04               	movlw	4
   727   000B66  6E01               	movwf	??_main^0,c
   728   000B68  0EBA               	movlw	186
   729   000B6A                     u347:
   730   000B6A  2EE8               	decfsz	wreg,f,c
   731   000B6C  D7FE               	bra	u347
   732   000B6E  2E01               	decfsz	??_main^0,f,c
   733   000B70  D7FC               	bra	u347
   734   000B72  2E02               	decfsz	(??_main+1)^0,f,c
   735   000B74  D7FA               	bra	u347
   736   000B76  D000               	nop2	
   737                           
   738                           ;main.c: 90:                 LATB = 0b11100000;
   739   000B78  0EE0               	movlw	224
   740   000B7A  6E8A               	movwf	138,c	;volatile
   741   000B7C                     
   742                           ;main.c: 91:                 _delay((unsigned long)((100)*(8000000UL/4000.0)));
   743   000B7C  0E02               	movlw	2
   744   000B7E  6E02               	movwf	(??_main+1)^0,c
   745   000B80  0E04               	movlw	4
   746   000B82  6E01               	movwf	??_main^0,c
   747   000B84  0EBA               	movlw	186
   748   000B86                     u357:
   749   000B86  2EE8               	decfsz	wreg,f,c
   750   000B88  D7FE               	bra	u357
   751   000B8A  2E01               	decfsz	??_main^0,f,c
   752   000B8C  D7FC               	bra	u357
   753   000B8E  2E02               	decfsz	(??_main+1)^0,f,c
   754   000B90  D7FA               	bra	u357
   755   000B92  D000               	nop2	
   756   000B94                     
   757                           ;main.c: 92:                 LATB = 0b11110000;
   758   000B94  0EF0               	movlw	240
   759   000B96  6E8A               	movwf	138,c	;volatile
   760                           
   761                           ;main.c: 93:                 _delay((unsigned long)((100)*(8000000UL/4000.0)));
   762   000B98  0E02               	movlw	2
   763   000B9A  6E02               	movwf	(??_main+1)^0,c
   764   000B9C  0E04               	movlw	4
   765   000B9E  6E01               	movwf	??_main^0,c
   766   000BA0  0EBA               	movlw	186
   767   000BA2                     u367:
   768   000BA2  2EE8               	decfsz	wreg,f,c
   769   000BA4  D7FE               	bra	u367
   770   000BA6  2E01               	decfsz	??_main^0,f,c
   771   000BA8  D7FC               	bra	u367
   772   000BAA  2E02               	decfsz	(??_main+1)^0,f,c
   773   000BAC  D7FA               	bra	u367
   774   000BAE  D000               	nop2	
   775   000BB0                     
   776                           ;main.c: 94:                 LATB = 0b11111000;
   777   000BB0  0EF8               	movlw	248
   778   000BB2  6E8A               	movwf	138,c	;volatile
   779   000BB4                     
   780                           ;main.c: 95:                 _delay((unsigned long)((100)*(8000000UL/4000.0)));
   781   000BB4  0E02               	movlw	2
   782   000BB6  6E02               	movwf	(??_main+1)^0,c
   783   000BB8  0E04               	movlw	4
   784   000BBA  6E01               	movwf	??_main^0,c
   785   000BBC  0EBA               	movlw	186
   786   000BBE                     u377:
   787   000BBE  2EE8               	decfsz	wreg,f,c
   788   000BC0  D7FE               	bra	u377
   789   000BC2  2E01               	decfsz	??_main^0,f,c
   790   000BC4  D7FC               	bra	u377
   791   000BC6  2E02               	decfsz	(??_main+1)^0,f,c
   792   000BC8  D7FA               	bra	u377
   793   000BCA  D000               	nop2	
   794                           
   795                           ;main.c: 96:                 LATB = 0b11111100;
   796   000BCC  0EFC               	movlw	252
   797   000BCE  6E8A               	movwf	138,c	;volatile
   798   000BD0                     
   799                           ;main.c: 97:                 _delay((unsigned long)((100)*(8000000UL/4000.0)));
   800   000BD0  0E02               	movlw	2
   801   000BD2  6E02               	movwf	(??_main+1)^0,c
   802   000BD4  0E04               	movlw	4
   803   000BD6  6E01               	movwf	??_main^0,c
   804   000BD8  0EBA               	movlw	186
   805   000BDA                     u387:
   806   000BDA  2EE8               	decfsz	wreg,f,c
   807   000BDC  D7FE               	bra	u387
   808   000BDE  2E01               	decfsz	??_main^0,f,c
   809   000BE0  D7FC               	bra	u387
   810   000BE2  2E02               	decfsz	(??_main+1)^0,f,c
   811   000BE4  D7FA               	bra	u387
   812   000BE6  D000               	nop2	
   813   000BE8                     
   814                           ;main.c: 98:                 LATB = 0b11111110;
   815   000BE8  0EFE               	movlw	254
   816   000BEA  6E8A               	movwf	138,c	;volatile
   817                           
   818                           ;main.c: 99:                 _delay((unsigned long)((100)*(8000000UL/4000.0)));
   819   000BEC  0E02               	movlw	2
   820   000BEE  6E02               	movwf	(??_main+1)^0,c
   821   000BF0  0E04               	movlw	4
   822   000BF2  6E01               	movwf	??_main^0,c
   823   000BF4  0EBA               	movlw	186
   824   000BF6                     u397:
   825   000BF6  2EE8               	decfsz	wreg,f,c
   826   000BF8  D7FE               	bra	u397
   827   000BFA  2E01               	decfsz	??_main^0,f,c
   828   000BFC  D7FC               	bra	u397
   829   000BFE  2E02               	decfsz	(??_main+1)^0,f,c
   830   000C00  D7FA               	bra	u397
   831   000C02  D000               	nop2	
   832   000C04                     
   833                           ;main.c: 100:                 LATB = 0b11111111;
   834   000C04  688A               	setf	138,c	;volatile
   835                           
   836                           ;main.c: 101:                 _delay((unsigned long)((100)*(8000000UL/4000.0)));
   837   000C06  0E02               	movlw	2
   838   000C08  6E02               	movwf	(??_main+1)^0,c
   839   000C0A  0E04               	movlw	4
   840   000C0C  6E01               	movwf	??_main^0,c
   841   000C0E  0EBA               	movlw	186
   842   000C10                     u407:
   843   000C10  2EE8               	decfsz	wreg,f,c
   844   000C12  D7FE               	bra	u407
   845   000C14  2E01               	decfsz	??_main^0,f,c
   846   000C16  D7FC               	bra	u407
   847   000C18  2E02               	decfsz	(??_main+1)^0,f,c
   848   000C1A  D7FA               	bra	u407
   849   000C1C  D000               	nop2	
   850   000C1E                     
   851                           ;main.c: 102:                 LATB = 0b11111110;
   852   000C1E  0EFE               	movlw	254
   853   000C20  6E8A               	movwf	138,c	;volatile
   854   000C22                     
   855                           ;main.c: 103:                 _delay((unsigned long)((100)*(8000000UL/4000.0)));
   856   000C22  0E02               	movlw	2
   857   000C24  6E02               	movwf	(??_main+1)^0,c
   858   000C26  0E04               	movlw	4
   859   000C28  6E01               	movwf	??_main^0,c
   860   000C2A  0EBA               	movlw	186
   861   000C2C                     u417:
   862   000C2C  2EE8               	decfsz	wreg,f,c
   863   000C2E  D7FE               	bra	u417
   864   000C30  2E01               	decfsz	??_main^0,f,c
   865   000C32  D7FC               	bra	u417
   866   000C34  2E02               	decfsz	(??_main+1)^0,f,c
   867   000C36  D7FA               	bra	u417
   868   000C38  D000               	nop2	
   869                           
   870                           ;main.c: 104:                 LATB = 0b11111100;
   871   000C3A  0EFC               	movlw	252
   872   000C3C  6E8A               	movwf	138,c	;volatile
   873   000C3E                     
   874                           ;main.c: 105:                 _delay((unsigned long)((100)*(8000000UL/4000.0)));
   875   000C3E  0E02               	movlw	2
   876   000C40  6E02               	movwf	(??_main+1)^0,c
   877   000C42  0E04               	movlw	4
   878   000C44  6E01               	movwf	??_main^0,c
   879   000C46  0EBA               	movlw	186
   880   000C48                     u427:
   881   000C48  2EE8               	decfsz	wreg,f,c
   882   000C4A  D7FE               	bra	u427
   883   000C4C  2E01               	decfsz	??_main^0,f,c
   884   000C4E  D7FC               	bra	u427
   885   000C50  2E02               	decfsz	(??_main+1)^0,f,c
   886   000C52  D7FA               	bra	u427
   887   000C54  D000               	nop2	
   888   000C56                     
   889                           ;main.c: 106:                 LATB = 0b11111000;
   890   000C56  0EF8               	movlw	248
   891   000C58  6E8A               	movwf	138,c	;volatile
   892                           
   893                           ;main.c: 107:                 _delay((unsigned long)((100)*(8000000UL/4000.0)));
   894   000C5A  0E02               	movlw	2
   895   000C5C  6E02               	movwf	(??_main+1)^0,c
   896   000C5E  0E04               	movlw	4
   897   000C60  6E01               	movwf	??_main^0,c
   898   000C62  0EBA               	movlw	186
   899   000C64                     u437:
   900   000C64  2EE8               	decfsz	wreg,f,c
   901   000C66  D7FE               	bra	u437
   902   000C68  2E01               	decfsz	??_main^0,f,c
   903   000C6A  D7FC               	bra	u437
   904   000C6C  2E02               	decfsz	(??_main+1)^0,f,c
   905   000C6E  D7FA               	bra	u437
   906   000C70  D000               	nop2	
   907   000C72                     
   908                           ;main.c: 108:                 LATB = 0b11110000;
   909   000C72  0EF0               	movlw	240
   910   000C74  6E8A               	movwf	138,c	;volatile
   911   000C76                     
   912                           ;main.c: 109:                 _delay((unsigned long)((100)*(8000000UL/4000.0)));
   913   000C76  0E02               	movlw	2
   914   000C78  6E02               	movwf	(??_main+1)^0,c
   915   000C7A  0E04               	movlw	4
   916   000C7C  6E01               	movwf	??_main^0,c
   917   000C7E  0EBA               	movlw	186
   918   000C80                     u447:
   919   000C80  2EE8               	decfsz	wreg,f,c
   920   000C82  D7FE               	bra	u447
   921   000C84  2E01               	decfsz	??_main^0,f,c
   922   000C86  D7FC               	bra	u447
   923   000C88  2E02               	decfsz	(??_main+1)^0,f,c
   924   000C8A  D7FA               	bra	u447
   925   000C8C  D000               	nop2	
   926                           
   927                           ;main.c: 110:                 LATB = 0b11100000;
   928   000C8E  0EE0               	movlw	224
   929   000C90  6E8A               	movwf	138,c	;volatile
   930   000C92                     
   931                           ;main.c: 111:                 _delay((unsigned long)((100)*(8000000UL/4000.0)));
   932   000C92  0E02               	movlw	2
   933   000C94  6E02               	movwf	(??_main+1)^0,c
   934   000C96  0E04               	movlw	4
   935   000C98  6E01               	movwf	??_main^0,c
   936   000C9A  0EBA               	movlw	186
   937   000C9C                     u457:
   938   000C9C  2EE8               	decfsz	wreg,f,c
   939   000C9E  D7FE               	bra	u457
   940   000CA0  2E01               	decfsz	??_main^0,f,c
   941   000CA2  D7FC               	bra	u457
   942   000CA4  2E02               	decfsz	(??_main+1)^0,f,c
   943   000CA6  D7FA               	bra	u457
   944   000CA8  D000               	nop2	
   945   000CAA                     
   946                           ;main.c: 112:                 LATB = 0b11000000;
   947   000CAA  0EC0               	movlw	192
   948   000CAC  6E8A               	movwf	138,c	;volatile
   949                           
   950                           ;main.c: 113:                 _delay((unsigned long)((100)*(8000000UL/4000.0)));
   951   000CAE  0E02               	movlw	2
   952   000CB0  6E02               	movwf	(??_main+1)^0,c
   953   000CB2  0E04               	movlw	4
   954   000CB4  6E01               	movwf	??_main^0,c
   955   000CB6  0EBA               	movlw	186
   956   000CB8                     u467:
   957   000CB8  2EE8               	decfsz	wreg,f,c
   958   000CBA  D7FE               	bra	u467
   959   000CBC  2E01               	decfsz	??_main^0,f,c
   960   000CBE  D7FC               	bra	u467
   961   000CC0  2E02               	decfsz	(??_main+1)^0,f,c
   962   000CC2  D7FA               	bra	u467
   963   000CC4  D000               	nop2	
   964   000CC6                     
   965                           ;main.c: 114:                 LATB = 0b10000000;
   966   000CC6  0E80               	movlw	128
   967   000CC8  6E8A               	movwf	138,c	;volatile
   968   000CCA                     
   969                           ;main.c: 115:                 _delay((unsigned long)((100)*(8000000UL/4000.0)));
   970   000CCA  0E02               	movlw	2
   971   000CCC  6E02               	movwf	(??_main+1)^0,c
   972   000CCE  0E04               	movlw	4
   973   000CD0  6E01               	movwf	??_main^0,c
   974   000CD2  0EBA               	movlw	186
   975   000CD4                     u477:
   976   000CD4  2EE8               	decfsz	wreg,f,c
   977   000CD6  D7FE               	bra	u477
   978   000CD8  2E01               	decfsz	??_main^0,f,c
   979   000CDA  D7FC               	bra	u477
   980   000CDC  2E02               	decfsz	(??_main+1)^0,f,c
   981   000CDE  D7FA               	bra	u477
   982   000CE0  D000               	nop2	
   983                           
   984                           ;main.c: 116:                 LATB = 0b00000000;
   985   000CE2  0E00               	movlw	0
   986   000CE4  6E8A               	movwf	138,c	;volatile
   987   000CE6                     
   988                           ;main.c: 117:                 _delay((unsigned long)((100)*(8000000UL/4000.0)));
   989   000CE6  0E02               	movlw	2
   990   000CE8  6E02               	movwf	(??_main+1)^0,c
   991   000CEA  0E04               	movlw	4
   992   000CEC  6E01               	movwf	??_main^0,c
   993   000CEE  0EBA               	movlw	186
   994   000CF0                     u487:
   995   000CF0  2EE8               	decfsz	wreg,f,c
   996   000CF2  D7FE               	bra	u487
   997   000CF4  2E01               	decfsz	??_main^0,f,c
   998   000CF6  D7FC               	bra	u487
   999   000CF8  2E02               	decfsz	(??_main+1)^0,f,c
  1000   000CFA  D7FA               	bra	u487
  1001   000CFC  D000               	nop2	
  1002   000CFE                     
  1003                           ;main.c: 118:             }
  1004   000CFE  2A06               	incf	main@i_180^0,f,c
  1005   000D00  0E02               	movlw	2
  1006   000D02  6406               	cpfsgt	main@i_180^0,c
  1007   000D04  EF86  F006         	goto	u81
  1008   000D08  EF88  F006         	goto	u80
  1009   000D0C                     u81:
  1010   000D0C  EF92  F005         	goto	l820
  1011   000D10                     u80:
  1012   000D10  EF0B  F004         	goto	l722
  1013   000D14                     l870:
  1014                           
  1015                           ;main.c: 121:             LATB = 0b00000000;
  1016   000D14  0E00               	movlw	0
  1017   000D16  6E8A               	movwf	138,c	;volatile
  1018   000D18  EF0B  F004         	goto	l722
  1019   000D1C  EF01  F000         	goto	start
  1020   000D20                     __end_of_main:
  1021                           	callstack 0
  1022                           
  1023                           	psect	smallconst
  1024   000800                     __psmallconst:
  1025                           	callstack 0
  1026   000800  00                 	db	0
  1027   000801  00                 	db	0	; dummy byte at the end
  1028   000000                     
  1029                           	psect	rparam
  1030   000000                     
  1031                           	psect	config
  1032                           
  1033                           ;Config register CONFIG1L @ 0x300000
  1034                           ;	PLL Prescaler Selection bits
  1035                           ;	PLLDIV = 2, Divide by 2 (8 MHz oscillator input)
  1036                           ;	System Clock Postscaler Selection bits
  1037                           ;	CPUDIV = OSC1_PLL2, [Primary Oscillator Src: /1][96 MHz PLL Src: /2]
  1038                           ;	USB Clock Selection bit (used in Full-Speed USB mode only; UCFG:FSEN = 1)
  1039                           ;	USBDIV = 1, USB clock source comes directly from the primary oscillator block with no 
      +                          postscale
  1040   300000                     	org	3145728
  1041   300000  01                 	db	1
  1042                           
  1043                           ;Config register CONFIG1H @ 0x300001
  1044                           ;	Oscillator Selection bits
  1045                           ;	FOSC = HS, HS oscillator (HS)
  1046                           ;	Fail-Safe Clock Monitor Enable bit
  1047                           ;	FCMEN = OFF, Fail-Safe Clock Monitor disabled
  1048                           ;	Internal/External Oscillator Switchover bit
  1049                           ;	IESO = OFF, Oscillator Switchover mode disabled
  1050   300001                     	org	3145729
  1051   300001  0C                 	db	12
  1052                           
  1053                           ;Config register CONFIG2L @ 0x300002
  1054                           ;	Power-up Timer Enable bit
  1055                           ;	PWRT = OFF, PWRT disabled
  1056                           ;	Brown-out Reset Enable bits
  1057                           ;	BOR = OFF, Brown-out Reset disabled in hardware and software
  1058                           ;	Brown-out Reset Voltage bits
  1059                           ;	BORV = 3, Minimum setting 2.05V
  1060                           ;	USB Voltage Regulator Enable bit
  1061                           ;	VREGEN = OFF, USB voltage regulator disabled
  1062   300002                     	org	3145730
  1063   300002  19                 	db	25
  1064                           
  1065                           ;Config register CONFIG2H @ 0x300003
  1066                           ;	Watchdog Timer Enable bit
  1067                           ;	WDT = OFF, WDT disabled (control is placed on the SWDTEN bit)
  1068                           ;	Watchdog Timer Postscale Select bits
  1069                           ;	WDTPS = 32768, 1:32768
  1070   300003                     	org	3145731
  1071   300003  1E                 	db	30
  1072                           
  1073                           ; Padding undefined space
  1074   300004                     	org	3145732
  1075   300004  FF                 	db	255
  1076                           
  1077                           ;Config register CONFIG3H @ 0x300005
  1078                           ;	CCP2 MUX bit
  1079                           ;	CCP2MX = ON, CCP2 input/output is multiplexed with RC1
  1080                           ;	PORTB A/D Enable bit
  1081                           ;	PBADEN = OFF, PORTB<4:0> pins are configured as digital I/O on Reset
  1082                           ;	Low-Power Timer 1 Oscillator Enable bit
  1083                           ;	LPT1OSC = OFF, Timer1 configured for higher power operation
  1084                           ;	MCLR Pin Enable bit
  1085                           ;	MCLRE = ON, MCLR pin enabled; RE3 input pin disabled
  1086   300005                     	org	3145733
  1087   300005  81                 	db	129
  1088                           
  1089                           ;Config register CONFIG4L @ 0x300006
  1090                           ;	Stack Full/Underflow Reset Enable bit
  1091                           ;	STVREN = ON, Stack full/underflow will cause Reset
  1092                           ;	Single-Supply ICSP Enable bit
  1093                           ;	LVP = OFF, Single-Supply ICSP disabled
  1094                           ;	Dedicated In-Circuit Debug/Programming Port (ICPORT) Enable bit
  1095                           ;	ICPRT = OFF, ICPORT disabled
  1096                           ;	Extended Instruction Set Enable bit
  1097                           ;	XINST = OFF, Instruction set extension and Indexed Addressing mode disabled (Legacy mo
      +                          de)
  1098                           ;	Background Debugger Enable bit
  1099                           ;	DEBUG = 0x1, unprogrammed default
  1100   300006                     	org	3145734
  1101   300006  81                 	db	129
  1102                           
  1103                           ; Padding undefined space
  1104   300007                     	org	3145735
  1105   300007  FF                 	db	255
  1106                           
  1107                           ;Config register CONFIG5L @ 0x300008
  1108                           ;	Code Protection bit
  1109                           ;	CP0 = OFF, Block 0 (000800-001FFFh) is not code-protected
  1110                           ;	Code Protection bit
  1111                           ;	CP1 = OFF, Block 1 (002000-003FFFh) is not code-protected
  1112                           ;	Code Protection bit
  1113                           ;	CP2 = OFF, Block 2 (004000-005FFFh) is not code-protected
  1114                           ;	Code Protection bit
  1115                           ;	CP3 = OFF, Block 3 (006000-007FFFh) is not code-protected
  1116   300008                     	org	3145736
  1117   300008  0F                 	db	15
  1118                           
  1119                           ;Config register CONFIG5H @ 0x300009
  1120                           ;	Boot Block Code Protection bit
  1121                           ;	CPB = OFF, Boot block (000000-0007FFh) is not code-protected
  1122                           ;	Data EEPROM Code Protection bit
  1123                           ;	CPD = OFF, Data EEPROM is not code-protected
  1124   300009                     	org	3145737
  1125   300009  C0                 	db	192
  1126                           
  1127                           ;Config register CONFIG6L @ 0x30000A
  1128                           ;	Write Protection bit
  1129                           ;	WRT0 = OFF, Block 0 (000800-001FFFh) is not write-protected
  1130                           ;	Write Protection bit
  1131                           ;	WRT1 = OFF, Block 1 (002000-003FFFh) is not write-protected
  1132                           ;	Write Protection bit
  1133                           ;	WRT2 = OFF, Block 2 (004000-005FFFh) is not write-protected
  1134                           ;	Write Protection bit
  1135                           ;	WRT3 = OFF, Block 3 (006000-007FFFh) is not write-protected
  1136   30000A                     	org	3145738
  1137   30000A  0F                 	db	15
  1138                           
  1139                           ;Config register CONFIG6H @ 0x30000B
  1140                           ;	Configuration Register Write Protection bit
  1141                           ;	WRTC = OFF, Configuration registers (300000-3000FFh) are not write-protected
  1142                           ;	Boot Block Write Protection bit
  1143                           ;	WRTB = OFF, Boot block (000000-0007FFh) is not write-protected
  1144                           ;	Data EEPROM Write Protection bit
  1145                           ;	WRTD = OFF, Data EEPROM is not write-protected
  1146   30000B                     	org	3145739
  1147   30000B  E0                 	db	224
  1148                           
  1149                           ;Config register CONFIG7L @ 0x30000C
  1150                           ;	Table Read Protection bit
  1151                           ;	EBTR0 = OFF, Block 0 (000800-001FFFh) is not protected from table reads executed in ot
      +                          her blocks
  1152                           ;	Table Read Protection bit
  1153                           ;	EBTR1 = OFF, Block 1 (002000-003FFFh) is not protected from table reads executed in ot
      +                          her blocks
  1154                           ;	Table Read Protection bit
  1155                           ;	EBTR2 = OFF, Block 2 (004000-005FFFh) is not protected from table reads executed in ot
      +                          her blocks
  1156                           ;	Table Read Protection bit
  1157                           ;	EBTR3 = OFF, Block 3 (006000-007FFFh) is not protected from table reads executed in ot
      +                          her blocks
  1158   30000C                     	org	3145740
  1159   30000C  0F                 	db	15
  1160                           
  1161                           ;Config register CONFIG7H @ 0x30000D
  1162                           ;	Boot Block Table Read Protection bit
  1163                           ;	EBTRB = OFF, Boot block (000000-0007FFh) is not protected from table reads executed in
      +                           other blocks
  1164   30000D                     	org	3145741
  1165   30000D  40                 	db	64
  1166                           tosu	equ	0xFFF
  1167                           tosh	equ	0xFFE
  1168                           tosl	equ	0xFFD
  1169                           stkptr	equ	0xFFC
  1170                           pclatu	equ	0xFFB
  1171                           pclath	equ	0xFFA
  1172                           pcl	equ	0xFF9
  1173                           tblptru	equ	0xFF8
  1174                           tblptrh	equ	0xFF7
  1175                           tblptrl	equ	0xFF6
  1176                           tablat	equ	0xFF5
  1177                           prodh	equ	0xFF4
  1178                           prodl	equ	0xFF3
  1179                           indf0	equ	0xFEF
  1180                           postinc0	equ	0xFEE
  1181                           postdec0	equ	0xFED
  1182                           preinc0	equ	0xFEC
  1183                           plusw0	equ	0xFEB
  1184                           fsr0h	equ	0xFEA
  1185                           fsr0l	equ	0xFE9
  1186                           wreg	equ	0xFE8
  1187                           indf1	equ	0xFE7
  1188                           postinc1	equ	0xFE6
  1189                           postdec1	equ	0xFE5
  1190                           preinc1	equ	0xFE4
  1191                           plusw1	equ	0xFE3
  1192                           fsr1h	equ	0xFE2
  1193                           fsr1l	equ	0xFE1
  1194                           bsr	equ	0xFE0
  1195                           indf2	equ	0xFDF
  1196                           postinc2	equ	0xFDE
  1197                           postdec2	equ	0xFDD
  1198                           preinc2	equ	0xFDC
  1199                           plusw2	equ	0xFDB
  1200                           fsr2h	equ	0xFDA
  1201                           fsr2l	equ	0xFD9
  1202                           status	equ	0xFD8

Data Sizes:
    Strings     0
    Constant    0
    Data        0
    BSS         0
    Persistent  0
    Stack       0

Auto Spaces:
    Space          Size  Autos    Used
    COMRAM           95      6       6
    BANK0           160      0       0
    BANK1           256      0       0
    BANK2           256      0       0
    BANK3           239      0       0
    BANK4           256      0       0
    BANK5           256      0       0
    BANK6           256      0       0
    BANK7           256      0       0

Pointer List with Targets:

    None.

Critical Paths under _main in COMRAM

    None.

Critical Paths under _main in BANK0

    None.

Critical Paths under _main in BANK1

    None.

Critical Paths under _main in BANK2

    None.

Critical Paths under _main in BANK3

    None.

Critical Paths under _main in BANK4

    None.

Critical Paths under _main in BANK5

    None.

Critical Paths under _main in BANK6

    None.

Critical Paths under _main in BANK7

    None.

Call Graph Tables:

 ---------------------------------------------------------------------------------
 (Depth) Function   	        Calls       Base Space   Used Autos Params    Refs
 ---------------------------------------------------------------------------------
 (0) _main                                                 6     6      0     120
                                              0 COMRAM     6     6      0
 ---------------------------------------------------------------------------------
 Estimated maximum stack depth 0
 ---------------------------------------------------------------------------------

 Call Graph Graphs:

 _main (ROOT)

 Address spaces:
Name               Size   Autos  Total    Cost      Usage
BITCOMRAM           5F      0       0       0        0.0%
EEDATA             100      0       0       0        0.0%
NULL                 0      0       0       0        0.0%
CODE                 0      0       0       0        0.0%
COMRAM              5F      6       6       1        6.3%
STACK                0      0       0       2        0.0%
BITBANK0            A0      0       0       3        0.0%
BANK0               A0      0       0       4        0.0%
BITBANK1           100      0       0       5        0.0%
BANK1              100      0       0       6        0.0%
BITBANK2           100      0       0       7        0.0%
BANK2              100      0       0       8        0.0%
BITBANK3            EF      0       0       9        0.0%
BANK3               EF      0       0      10        0.0%
BITBANK4           100      0       0      11        0.0%
BANK4              100      0       0      12        0.0%
BITBANK5           100      0       0      13        0.0%
BANK5              100      0       0      14        0.0%
BITBANK6           100      0       0      15        0.0%
BANK6              100      0       0      16        0.0%
BITBANK7           100      0       0      17        0.0%
BANK7              100      0       0      18        0.0%
BITBIGSFR_5          C      0       0      19        0.0%
BITBIGSFR_4          3      0       0      20        0.0%
BITBIGSFR_3          3      0       0      21        0.0%
BITBIGSFR_2          6      0       0      22        0.0%
BITBIGSFR_1h        12      0       0      23        0.0%
BITBIGSFR_1l        24      0       0      24        0.0%
BITBIGSFRh           6      0       0      25        0.0%
BITBIGSFRlh          1      0       0      26        0.0%
BITBIGSFRllh         8      0       0      27        0.0%
BITBIGSFRlllh        6      0       0      28        0.0%
BITBIGSFRllll       23      0       0      29        0.0%
ABS                  0      0       0      30        0.0%
BIGRAM_1           400      0       0      31        0.0%
BIGRAM             3EE      0       0      32        0.0%
DATA                 0      0       0      33        0.0%
BIGSFR_5             0      0       0     200        0.0%
BIGSFR_4             0      0       0     200        0.0%
BIGSFR_3             0      0       0     200        0.0%
BIGSFR_2             0      0       0     200        0.0%
BIGSFR_1             0      0       0     200        0.0%
BIGSFR               0      0       0     200        0.0%
BITSFR_5             0      0       0     200        0.0%
SFR_5                0      0       0     200        0.0%
BITSFR_4             0      0       0     200        0.0%
SFR_4                0      0       0     200        0.0%
BITSFR_3             0      0       0     200        0.0%
SFR_3                0      0       0     200        0.0%
BITSFR_2             0      0       0     200        0.0%
SFR_2                0      0       0     200        0.0%
BITSFR_1             0      0       0     200        0.0%
SFR_1                0      0       0     200        0.0%
BITSFR               0      0       0     200        0.0%
SFR                  0      0       0     200        0.0%


Microchip Technology PIC18 Macro Assembler V2.45 build 20230818022343 
Symbol Table                                                                                   Fri Dec 22 11:28:18 2023

                     l22 0A26                       l26 0B12                       l18 091E  
                     u10 0824                       u11 0820                       u20 091A  
                     u21 0916                       u30 092C                       u31 0928  
                     u40 0A22                       u41 0A1E                       u50 0A34  
                     u51 0A30                       u60 0B0E                       u61 0B0A  
                     u70 0B20                       u71 0B1C                       u80 0D10  
                     u81 0D0C                       u97 0836                      l800 0A90  
                    l720 080C                      l712 0802                      l810 0AFC  
                    l802 0AA8                      l730 0828                      l722 0816  
                    l714 0806                      l820 0B24                      l812 0AFE  
                    l804 0AC4                      l740 0880                      l732 082C  
                    l724 0824                      l716 0808                      l830 0B7C  
                    l822 0B28                      l814 0B20                      l806 0AC8  
                    l750 08EC                      l742 0898                      l734 0844  
                    l718 080A                      l840 0BE8                      l832 0B94  
                    l824 0B40                      l808 0AE4                      l760 0930  
                    l752 0908                      l744 08B4                      l736 0860  
                    l850 0C56                      l842 0C04                      l834 0BB0  
                    l826 0B5C                      l770 0988                      l762 0934  
                    l754 092C                      l746 08B8                      l738 0864  
                    l860 0CC6                      l852 0C72                      l844 0C1E  
                    l836 0BB4                      l828 0B60                      l780 09F4  
                    l772 09A0                      l764 094C                      l748 08D4  
                    l862 0CCA                      l854 0C76                      l846 0C22  
                    l838 0BD0                      l870 0D14                      l790 0A38  
                    l782 0A10                      l774 09BC                      l766 0968  
                    l864 0CE6                      l856 0C92                      l848 0C3E  
                    l792 0A3C                      l784 0A34                      l776 09C0  
                    l768 096C                      l866 0CFE                      l858 0CAA  
                    l794 0A54                      l778 09DC                      l868 0D00  
                    l796 0A70                      l798 0A74                      u107 0852  
                    u117 086E                      u207 0992                      u127 088A  
                    u217 09AE                      u137 08A6                      u307 0AD2  
                    u227 09CA                      u147 08C2                      u317 0AEE  
                    u237 09E6                      u157 08DE                      u407 0C10  
                    u327 0B32                      u247 0A02                      u167 08FA  
                    u417 0C2C                      u337 0B4E                      u257 0A46  
                    u177 093E                      u427 0C48                      u347 0B6A  
                    u267 0A62                      u187 095A                      u437 0C64  
                    u357 0B86                      u277 0A7E                      u197 0976  
                    u447 0C80                      u367 0BA2                      u287 0A9A  
                    u457 0C9C                      u377 0BBE                      u297 0AB6  
                    u467 0CB8                      u387 0BDA                      u477 0CD4  
                    u397 0BF6                      u487 0CF0                      wreg 0FE8  
                   _LATB 0F8A                     _main 0802                     start 0002  
           ___param_bank 0000                    ?_main 0001                    _TRISB 0F93  
                  main@i 0003          __initialization 0D20             __end_of_main 0D20  
                 ??_main 0001            __activetblptr 0000                   isa$std 0001  
           __mediumconst 0000               __accesstop 0060  __end_of__initialization 0D20  
          ___rparam_used 0001           __pcstackCOMRAM 0001                  __Hparam 0000  
                __Lparam 0000             __psmallconst 0800                  __pcinit 0D20  
                __ramtop 0800                  __ptext0 0802     end_of_initialization 0D20  
              _PORTDbits 0F83                _TRISDbits 0F95      start_initialization 0D20  
            __smallconst 0800               _ADCON1bits 0FC1                main@i_180 0006  
              main@i_178 0004                main@i_179 0005                 __Hrparam 0000  
               __Lrparam 0000                 isa$xinst 0000  
